<?xml version="1.0" encoding="UTF-8"?>
<!-- Generated by org.testng.reporters.JUnitReportReporter -->
<testsuite skipped="0" hostname="cchauhan-PC" name="com.sfmc.get.GET_TC_001" tests="1" failures="0" timestamp="16 May 2020 19:32:26 GMT" time="2.456" errors="0">
  <testcase name="getweatherdetail" time="2.456" classname="com.sfmc.get.GET_TC_001"/>
</testsuite> <!-- com.sfmc.get.GET_TC_001 -->
