<?xml version="1.0" encoding="UTF-8"?>
<!-- Generated by org.testng.reporters.JUnitReportReporter -->
<testsuite skipped="0" hostname="cchauhan-PC" name="com.sfmc.reports.GET_TC_001" tests="1" failures="0" timestamp="16 May 2020 21:44:09 GMT" time="2.435" errors="0">
  <testcase name="getweatherdetail" time="2.435" classname="com.sfmc.reports.GET_TC_001"/>
</testsuite> <!-- com.sfmc.reports.GET_TC_001 -->
