<?xml version="1.0" encoding="UTF-8"?>
<!-- Generated by org.testng.reporters.JUnitReportReporter -->
<testsuite skipped="0" hostname="cchauhan-PC" name="com.lang.modification.PatchDemo" tests="1" failures="0" timestamp="17 May 2020 16:47:48 GMT" time="4.577" errors="0">
  <testcase name="updatedata" time="4.577" classname="com.lang.modification.PatchDemo"/>
</testsuite> <!-- com.lang.modification.PatchDemo -->
