<?xml version="1.0" encoding="UTF-8"?>
<!-- Generated by org.testng.reporters.JUnitReportReporter -->
<testsuite skipped="0" hostname="cchauhan-PC" name="com.lang.signup.Post_TC_001" tests="1" failures="0" timestamp="16 May 2020 20:57:04 GMT" time="3.285" errors="0">
  <testcase name="postcreateuser" time="3.285" classname="com.lang.signup.Post_TC_001"/>
</testsuite> <!-- com.lang.signup.Post_TC_001 -->
