<?xml version="1.0" encoding="UTF-8"?>
<!-- Generated by org.testng.reporters.JUnitReportReporter -->
<testsuite skipped="0" hostname="cchauhan-PC" name="com.lang.signup.POST_TC_002" tests="1" failures="0" timestamp="16 May 2020 21:58:11 GMT" time="3.981" errors="0">
  <testcase name="postcreateuser" time="3.981" classname="com.lang.signup.POST_TC_002"/>
</testsuite> <!-- com.lang.signup.POST_TC_002 -->
